0 info it worked if it ends with ok
1 verbose cli [ '/home/wiktoria/local/bin/node',
1 verbose cli   '/home/wiktoria/local/bin/npm',
1 verbose cli   'start' ]
2 info using npm@3.7.4
3 info using node@v6.0.0-pre
4 verbose run-script [ 'prestart', 'start', 'poststart' ]
5 info lifecycle praca_inzynierska@1.0.0~prestart: praca_inzynierska@1.0.0
6 silly lifecycle praca_inzynierska@1.0.0~prestart: no script for prestart, continuing
7 info lifecycle praca_inzynierska@1.0.0~start: praca_inzynierska@1.0.0
8 verbose lifecycle praca_inzynierska@1.0.0~start: unsafe-perm in lifecycle true
9 verbose lifecycle praca_inzynierska@1.0.0~start: PATH: /home/wiktoria/npm/bin/node-gyp-bin:/home/wiktoria/Dokumenty/praca inżynierska/praca-inzynierska/node_modules/.bin:/home/wiktoria/local/bin:/home/wiktoria/local/bin:/home/wiktoria/local/bin:/home/wiktoria/local/bin:/home/wiktoria/local/bin:/home/wiktoria/local/bin:/home/wiktoria/local/bin:/usr/lib64/qt-3.3/bin:/usr/lib64/mpich/bin:/usr/lib64/ccache:/usr/local/bin:/usr/local/sbin:/usr/bin:/usr/sbin:/bin:/sbin:/usr/local/rvm/bin:/home/wiktoria/.local/bin:/home/wiktoria/bin:/home/wiktoria/.local/bin:/home/wiktoria/bin
10 verbose lifecycle praca_inzynierska@1.0.0~start: CWD: /home/wiktoria/Dokumenty/praca inżynierska/praca-inzynierska
11 silly lifecycle praca_inzynierska@1.0.0~start: Args: [ '-c', 'electron . & node ./bin/www' ]
12 silly lifecycle praca_inzynierska@1.0.0~start: Returned: code: 1  signal: null
13 info lifecycle praca_inzynierska@1.0.0~start: Failed to exec start script
14 verbose stack Error: praca_inzynierska@1.0.0 start: `electron . & node ./bin/www`
14 verbose stack Exit status 1
14 verbose stack     at EventEmitter.<anonymous> (/home/wiktoria/npm/lib/utils/lifecycle.js:239:16)
14 verbose stack     at emitTwo (events.js:101:13)
14 verbose stack     at EventEmitter.emit (events.js:186:7)
14 verbose stack     at ChildProcess.<anonymous> (/home/wiktoria/npm/lib/utils/spawn.js:24:14)
14 verbose stack     at emitTwo (events.js:101:13)
14 verbose stack     at ChildProcess.emit (events.js:186:7)
14 verbose stack     at maybeClose (internal/child_process.js:827:16)
14 verbose stack     at Process.ChildProcess._handle.onexit (internal/child_process.js:211:5)
15 verbose pkgid praca_inzynierska@1.0.0
16 verbose cwd /home/wiktoria/Dokumenty/praca inżynierska/praca-inzynierska
17 error Linux 4.4.14-200.fc22.x86_64
18 error argv "/home/wiktoria/local/bin/node" "/home/wiktoria/local/bin/npm" "start"
19 error node v6.0.0-pre
20 error npm  v3.7.4
21 error code ELIFECYCLE
22 error praca_inzynierska@1.0.0 start: `electron . & node ./bin/www`
22 error Exit status 1
23 error Failed at the praca_inzynierska@1.0.0 start script 'electron . & node ./bin/www'.
23 error Make sure you have the latest version of node.js and npm installed.
23 error If you do, this is most likely a problem with the praca_inzynierska package,
23 error not with npm itself.
23 error Tell the author that this fails on your system:
23 error     electron . & node ./bin/www
23 error You can get information on how to open an issue for this project with:
23 error     npm bugs praca_inzynierska
23 error Or if that isn't available, you can get their info via:
23 error     npm owner ls praca_inzynierska
23 error There is likely additional logging output above.
24 verbose exit [ 1, true ]
